<?xml version="1.0" encoding="UTF-8"?>
<!-- Generated by org.testng.reporters.JUnitXMLReporter -->
<testsuite ignored="0" hostname="Kal-El" failures="0" tests="26" name="DAO" time="37.242" errors="0" timestamp="2022-01-19T15:16:42 CST">
  <testcase classname="com.shield.tests.dao.ClaimDAOTests" name="selectClaimById" time="0.995"/>
  <testcase classname="com.shield.tests.dao.ClaimDAOTests" name="createClaimById" time="0.99"/>
  <testcase classname="com.shield.tests.dao.ClaimDAOTests" name="ApproveClaimById" time="1.479"/>
  <testcase classname="com.shield.tests.dao.ClaimDAOTests" name="DenyClaimById" time="1.492"/>
  <testcase classname="com.shield.tests.dao.DebriefDAOTests" name="createDebrief" time="1.044"/>
  <testcase classname="com.shield.tests.dao.DebriefDAOTests" name="getDebrief" time="0.978"/>
  <testcase classname="com.shield.tests.dao.EmployeeDAOTests" name="checkEmployeeImage" time="2.492"/>
  <testcase classname="com.shield.tests.dao.EmployeeDAOTests" name="getAgentDebriefings" time="0.972"/>
  <testcase classname="com.shield.tests.dao.EmployeeDAOTests" name="getAllAgentDebriefings" time="1.463"/>
  <testcase classname="com.shield.tests.dao.EmployeeDAOTests" name="getAllClaims" time="1.475"/>
  <testcase classname="com.shield.tests.dao.EmployeeDAOTests" name="getEmployeeById" time="0.483"/>
  <testcase classname="com.shield.tests.dao.EmployeeDAOTests" name="getEmployeeImage" time="2.436"/>
  <testcase classname="com.shield.tests.dao.EmployeeDAOTests" name="getLeaderboard" time="0.5"/>
  <testcase classname="com.shield.tests.dao.EmployeeDAOTests" name="getUserClaimsByAgent" time="0.989"/>
  <testcase classname="com.shield.tests.dao.EmployeeDAOTests" name="insertEmployeeImage" time="0.988"/>
  <testcase classname="com.shield.tests.dao.EmployeeDAOTests" name="loginEmployee" time="0.973"/>
  <testcase classname="com.shield.tests.dao.UserDAOTests" name="checkUserByUsername" time="0.992"/>
  <testcase classname="com.shield.tests.dao.UserDAOTests" name="checkUsernameAndPassword" time="1.01"/>
  <testcase classname="com.shield.tests.dao.UserDAOTests" name="createUser" time="1.009"/>
  <testcase classname="com.shield.tests.dao.UserDAOTests" name="getAllUsers" time="0.495"/>
  <testcase classname="com.shield.tests.dao.UserDAOTests" name="getUserClaimsByUser" time="0.511"/>
  <testcase classname="com.shield.tests.dao.UserDAOTests" name="selectUserById" time="0.5"/>
  <testcase classname="com.shield.tests.dao.UserDAOTests" name="selectUserByIdFail" time="0.516"/>
  <testcase classname="com.shield.tests.dao.UserDAOTests" name="insertUserImage" time="1.057"/>
  <testcase classname="com.shield.tests.dao.UserDAOTests" name="getUserImage" time="2.616"/>
  <testcase classname="com.shield.tests.dao.UserDAOTests" name="checkUserImage" time="2.606"/>
</testsuite> <!-- DAO -->
