<?xml version="1.0" encoding="UTF-8"?>
<!-- Generated by org.testng.reporters.JUnitXMLReporter -->
<testsuite ignored="0" hostname="Kal-El" failures="0" tests="47" name="Service" time="15.661" errors="0" timestamp="2022-01-19T15:16:58 CST">
  <testcase classname="com.shield.tests.service.ClaimServiceMockitoTest" name="approveClaimServiceMock" time="0.028"/>
  <testcase classname="com.shield.tests.service.ClaimServiceMockitoTest" name="createClaimServiceMock" time="0.001"/>
  <testcase classname="com.shield.tests.service.ClaimServiceMockitoTest" name="denyClaimServiceMock" time="0.001"/>
  <testcase classname="com.shield.tests.service.ClaimServiceMockitoTest" name="getClaimServiceByIdMock" time="0.001"/>
  <testcase classname="com.shield.tests.service.ClaimServiceTests" name="badClaimIdForApproveClaimService" time="1.013"/>
  <testcase classname="com.shield.tests.service.ClaimServiceTests" name="badClaimIdForDenyClaimService" time="0.986"/>
  <testcase classname="com.shield.tests.service.ClaimServiceTests" name="badClaimIdForGetClaimService" time="0.496"/>
  <testcase classname="com.shield.tests.service.ClaimServiceTests" name="badEmployeeIdForCreateClaimService" time="0.483"/>
  <testcase classname="com.shield.tests.service.ClaimServiceTests" name="badUserIdForCreateClaimService" time="0.963"/>
  <testcase classname="com.shield.tests.service.ClaimServiceTests" name="commentTooLongForApproveClaimService" time="0.001"/>
  <testcase classname="com.shield.tests.service.ClaimServiceTests" name="commentTooLongForDenyClaimService" time="0.0"/>
  <testcase classname="com.shield.tests.service.ClaimServiceTests" name="negativeAmountForCreateClaimService" time="0.956"/>
  <testcase classname="com.shield.tests.service.DebriefServiceMockitoTest" name="createDebriefServiceMock" time="0.001"/>
  <testcase classname="com.shield.tests.service.DebriefServiceMockitoTest" name="mockGetDebriefServiceById" time="0.001"/>
  <testcase classname="com.shield.tests.service.DebriefServiceTests" name="badIdForcreateDebriefService" time="0.471"/>
  <testcase classname="com.shield.tests.service.EmployeeServiceMockitoTests" name="MockGetAgentDebriefingsService" time="0.001"/>
  <testcase classname="com.shield.tests.service.EmployeeServiceMockitoTests" name="mockGetAllAgentDebriefingsService" time="0.0"/>
  <testcase classname="com.shield.tests.service.EmployeeServiceMockitoTests" name="mockGetEmployeeImageService" time="0.001"/>
  <testcase classname="com.shield.tests.service.EmployeeServiceMockitoTests" name="mockGetEmployeeServiceById" time="0.001"/>
  <testcase classname="com.shield.tests.service.EmployeeServiceMockitoTests" name="mockGetUserClaimsByAgentService" time="0.001"/>
  <testcase classname="com.shield.tests.service.EmployeeServiceMockitoTests" name="mockInsertEmployeeImageService" time="0.001"/>
  <testcase classname="com.shield.tests.service.EmployeeServiceTests" name="badAgentGetAgentDebriefingsService" time="0.474"/>
  <testcase classname="com.shield.tests.service.EmployeeServiceTests" name="badAgentGetUserClaimsByAgentService" time="0.474"/>
  <testcase classname="com.shield.tests.service.EmployeeServiceTests" name="badHandlerForGetAllClaims" time="0.468"/>
  <testcase classname="com.shield.tests.service.EmployeeServiceTests" name="badHandlerGetAllAgentDebriefingsService" time="0.477"/>
  <testcase classname="com.shield.tests.service.EmployeeServiceTests" name="badIdForGetAgentDebriefingsService" time="0.492"/>
  <testcase classname="com.shield.tests.service.EmployeeServiceTests" name="badIdForGetAllAgentDebriefingsService" time="0.489"/>
  <testcase classname="com.shield.tests.service.EmployeeServiceTests" name="badIdForGetAllClaims" time="0.471"/>
  <testcase classname="com.shield.tests.service.EmployeeServiceTests" name="badIdForGetUserClaimsByAgentService" time="0.472"/>
  <testcase classname="com.shield.tests.service.EmployeeServiceTests" name="badIdGetEmployeeImageService" time="0.472"/>
  <testcase classname="com.shield.tests.service.EmployeeServiceTests" name="badIdInsertEmployeeImageService" time="0.48"/>
  <testcase classname="com.shield.tests.service.UserServiceMockitoTest" name="checkUsernameAndPasswordServiceMock" time="0.001"/>
  <testcase classname="com.shield.tests.service.UserServiceMockitoTest" name="checkUsernameAndPasswordServiceSadPasswordMock" time="0.0"/>
  <testcase classname="com.shield.tests.service.UserServiceMockitoTest" name="checkUsernameAndPasswordServiceSadUsernameMock" time="0.0"/>
  <testcase classname="com.shield.tests.service.UserServiceMockitoTest" name="createUserServiceMock" time="0.0"/>
  <testcase classname="com.shield.tests.service.UserServiceMockitoTest" name="getAllClaimsByUserIdServiceMock" time="0.0"/>
  <testcase classname="com.shield.tests.service.UserServiceMockitoTest" name="getAllUsersServiceMock" time="0.0"/>
  <testcase classname="com.shield.tests.service.UserServiceMockitoTest" name="getUserServiceByIdMock" time="0.001"/>
  <testcase classname="com.shield.tests.service.UserServiceMockitoTest" name="getUserServiceByIdSadMock" time="0.002"/>
  <testcase classname="com.shield.tests.service.UserServiceTests" name="badIdForGetUserClaimsByUserService" time="0.49"/>
  <testcase classname="com.shield.tests.service.UserServiceTests" name="badIdGetUserImageService" time="0.481"/>
  <testcase classname="com.shield.tests.service.UserServiceTests" name="badIdInsertUserImageService" time="0.482"/>
  <testcase classname="com.shield.tests.service.UserServiceTests" name="badPasswordForCheckingLogin" time="0.464"/>
  <testcase classname="com.shield.tests.service.UserServiceTests" name="badUserIdForGettingUser" time="0.466"/>
  <testcase classname="com.shield.tests.service.UserServiceTests" name="badUsernameForCheckingLogin" time="0.472"/>
  <testcase classname="com.shield.tests.service.UserServiceTests" name="duplicateEmployeeUsernameForCreateUserService" time="0.958"/>
  <testcase classname="com.shield.tests.service.UserServiceTests" name="duplicateUserUsernameForCreateUserService" time="0.484"/>
</testsuite> <!-- Service -->
