<?xml version="1.0" encoding="UTF-8"?>
<!-- Generated by org.testng.reporters.JUnitXMLReporter -->
<testsuite ignored="0" hostname="Kal-El" failures="0" tests="37" name="Service" time="12.768" errors="0" timestamp="2022-01-11T23:56:34 CST">
  <testcase classname="com.shield.tests.service.ClaimServiceTests" name="badClaimIdForApproveClaimService" time="0.956"/>
  <testcase classname="com.shield.tests.service.ClaimServiceTests" name="badClaimIdForDenyClaimService" time="0.938"/>
  <testcase classname="com.shield.tests.service.ClaimServiceTests" name="badClaimIdForGetClaimService" time="0.5"/>
  <testcase classname="com.shield.tests.service.ClaimServiceTests" name="badEmployeeIdForCreateClaimService" time="0.491"/>
  <testcase classname="com.shield.tests.service.ClaimServiceTests" name="badUserIdForCreateClaimService" time="0.955"/>
  <testcase classname="com.shield.tests.service.ClaimServiceTests" name="commentTooLongForApproveClaimService" time="0.0"/>
  <testcase classname="com.shield.tests.service.ClaimServiceTests" name="commentTooLongForDenyClaimService" time="0.0"/>
  <testcase classname="com.shield.tests.service.ClaimServiceTests" name="negativeAmountForCreateClaimService" time="0.942"/>
  <testcase classname="com.shield.tests.service.DebriefServiceTests" name="badIdForcreateDebriefService" time="0.741"/>
  <testcase classname="com.shield.tests.service.EmployeeServiceMockitoTests" name="MockGetAgentDebriefingsService" time="0.014"/>
  <testcase classname="com.shield.tests.service.EmployeeServiceMockitoTests" name="mockGetAllAgentDebriefingsService" time="0.001"/>
  <testcase classname="com.shield.tests.service.EmployeeServiceMockitoTests" name="mockGetEmployeeImageService" time="0.001"/>
  <testcase classname="com.shield.tests.service.EmployeeServiceMockitoTests" name="mockGetEmployeeServiceById" time="0.001"/>
  <testcase classname="com.shield.tests.service.EmployeeServiceMockitoTests" name="mockGetUserClaimsByAgentService" time="0.001"/>
  <testcase classname="com.shield.tests.service.EmployeeServiceMockitoTests" name="mockInsertEmployeeImageService" time="0.001"/>
  <testcase classname="com.shield.tests.service.EmployeeServiceTests" name="badAgentGetAgentDebriefingsService" time="0.502"/>
  <testcase classname="com.shield.tests.service.EmployeeServiceTests" name="badAgentGetUserClaimsByAgentService" time="0.474"/>
  <testcase classname="com.shield.tests.service.EmployeeServiceTests" name="badHandlerForGetAllClaims" time="0.465"/>
  <testcase classname="com.shield.tests.service.EmployeeServiceTests" name="badHandlerGetAllAgentDebriefingsService" time="0.48"/>
  <testcase classname="com.shield.tests.service.EmployeeServiceTests" name="badIdForGetAgentDebriefingsService" time="0.469"/>
  <testcase classname="com.shield.tests.service.EmployeeServiceTests" name="badIdForGetAllAgentDebriefingsService" time="0.469"/>
  <testcase classname="com.shield.tests.service.EmployeeServiceTests" name="badIdForGetAllClaims" time="0.499"/>
  <testcase classname="com.shield.tests.service.EmployeeServiceTests" name="badIdForGetUserClaimsByAgentService" time="0.467"/>
  <testcase classname="com.shield.tests.service.EmployeeServiceTests" name="badIdGetEmployeeImageService" time="0.485"/>
  <testcase classname="com.shield.tests.service.EmployeeServiceTests" name="badIdInsertEmployeeImageService" time="0.468"/>
  <testcase classname="com.shield.tests.service.UserServiceMockitoTest" name="checkUsernameAndPasswordServiceMock" time="0.001"/>
  <testcase classname="com.shield.tests.service.UserServiceMockitoTest" name="checkUsernameAndPasswordServiceSadPasswordMock" time="0.001"/>
  <testcase classname="com.shield.tests.service.UserServiceMockitoTest" name="checkUsernameAndPasswordServiceSadUsernameMock" time="0.0"/>
  <testcase classname="com.shield.tests.service.UserServiceMockitoTest" name="createUserServiceMock" time="0.001"/>
  <testcase classname="com.shield.tests.service.UserServiceMockitoTest" name="getAllClaimsByUserIdServiceMock" time="0.0"/>
  <testcase classname="com.shield.tests.service.UserServiceMockitoTest" name="getAllUsersServiceMock" time="0.001"/>
  <testcase classname="com.shield.tests.service.UserServiceMockitoTest" name="getUserServiceByIdMock" time="0.0"/>
  <testcase classname="com.shield.tests.service.UserServiceMockitoTest" name="getUserServiceByIdSadMock" time="0.003"/>
  <testcase classname="com.shield.tests.service.UserServiceTests" name="badIdForGetUserClaimsByUserService" time="0.483"/>
  <testcase classname="com.shield.tests.service.UserServiceTests" name="badPasswordForCheckingLogin" time="0.481"/>
  <testcase classname="com.shield.tests.service.UserServiceTests" name="badUserIdForGettingUser" time="0.473"/>
  <testcase classname="com.shield.tests.service.UserServiceTests" name="badUsernameForCheckingLogin" time="0.475"/>
</testsuite> <!-- Service -->
